2025-07-25 12:19:04,058 [INFO] Activator:176 - 


2025-07-25 12:19:04,111 [INFO] Activator:177 - !SESSION log4j initialized
2025-07-25 12:19:13,964 [INFO] LogOutputStream:77 - [STDOUT_REDIRECT] 
2025-07-25 12:19:19,042 [INFO] ApplicationProperties:184 - Using Application install path: C:\ST\STM32CubeIDE_1.16.0\STM32CubeIDE\plugins\com.st.stm32cube.common.mx_6.12.0.202406281431
2025-07-25 12:19:19,339 [INFO] DbMcusXml:78 - Set database path to: C:\ST\STM32CubeIDE_1.16.0\STM32CubeIDE\plugins\com.st.stm32cube.common.mx_6.12.0.202406281431\\db\/mcu/
2025-07-25 12:19:19,340 [INFO] ApiDb:274 - Set plugin database path to: C:\ST\STM32CubeIDE_1.16.0\STM32CubeIDE\plugins\com.st.stm32cube.common.mx_6.12.0.202406281431\\db\/plugins/boardmanager/
2025-07-25 12:19:19,341 [WARN] ApiDb:259 - Overriding images path with different value:  => C:\ST\STM32CubeIDE_1.16.0\STM32CubeIDE\plugins\com.st.stm32cube.common.mx_6.12.0.202406281431\\db\/plugins/mcufinder/images/
2025-07-25 12:19:19,567 [INFO] ApiDb:250 - Set database path to: C:\Users\ankit.chaurasiya\.stmcufinder\plugins\mcufinder//mcu/
2025-07-25 12:19:19,571 [INFO] DbMcusAds:125 - Set database path to: C:\Users\ankit.chaurasiya\.stmcufinder\plugins\mcufinder//mcu/
2025-07-25 12:19:19,580 [INFO] CrossReferenceDbSqlite:203 - Set database path to: C:\Users\ankit.chaurasiya\.stmcufinder\plugins\mcufinder//mcu/cs/
2025-07-25 12:19:19,946 [INFO] RulesReader:64 - Compatibility file has been processed (297 Rules)
2025-07-25 12:19:20,289 [INFO] DbMcusXml:78 - Set database path to: C:\ST\STM32CubeIDE_1.16.0\STM32CubeIDE\plugins\com.st.stm32cube.common.mx_6.12.0.202406281431\\db\/mcu/
2025-07-25 12:19:20,289 [INFO] ApiDb:274 - Set plugin database path to: C:\ST\STM32CubeIDE_1.16.0\STM32CubeIDE\plugins\com.st.stm32cube.common.mx_6.12.0.202406281431\\db\/plugins/boardmanager/
2025-07-25 12:19:20,290 [INFO] ApiDb:261 - Set plugin images path to: C:\ST\STM32CubeIDE_1.16.0\STM32CubeIDE\plugins\com.st.stm32cube.common.mx_6.12.0.202406281431\\db\/plugins/mcufinder/images/
2025-07-25 12:19:20,290 [WARN] DbFile:41 - Overriding database path with different value: C:\Users\ankit.chaurasiya\.stmcufinder\plugins\mcufinder/ => C:\Users\ankit.chaurasiya\.stmcufinder\plugins\mcufinder
2025-07-25 12:19:20,290 [INFO] ApiDb:250 - Set database path to: C:\Users\ankit.chaurasiya\.stmcufinder\plugins\mcufinder//mcu/
2025-07-25 12:19:20,290 [WARN] DbFile:41 - Overriding database path with different value: C:\Users\ankit.chaurasiya\.stmcufinder\plugins\mcufinder/ => C:\Users\ankit.chaurasiya\.stmcufinder\plugins\mcufinder
2025-07-25 12:19:20,290 [INFO] DbMcusAds:125 - Set database path to: C:\Users\ankit.chaurasiya\.stmcufinder\plugins\mcufinder//mcu/
2025-07-25 12:19:20,290 [WARN] DbFile:41 - Overriding database path with different value: C:\Users\ankit.chaurasiya\.stmcufinder\plugins\mcufinder/ => C:\Users\ankit.chaurasiya\.stmcufinder\plugins\mcufinder
2025-07-25 12:19:20,290 [WARN] DbFile:41 - Overriding database path with different value: C:\Users\ankit.chaurasiya\.stmcufinder\plugins\mcufinder/ => C:\Users\ankit.chaurasiya\.stmcufinder\plugins\mcufinder
2025-07-25 12:19:20,290 [INFO] CrossReferenceDbSqlite:203 - Set database path to: C:\Users\ankit.chaurasiya\.stmcufinder\plugins\mcufinder//mcu/cs/
2025-07-25 12:19:20,791 [INFO] MainPanel:268 - HeapMemory: 268435456
2025-07-25 12:19:21,208 [INFO] DbMcusXml:78 - Set database path to: C:\ST\STM32CubeIDE_1.16.0\STM32CubeIDE\plugins\com.st.stm32cube.common.mx_6.12.0.202406281431\\db\/mcu/
2025-07-25 12:19:21,208 [INFO] ApiDb:274 - Set plugin database path to: C:\ST\STM32CubeIDE_1.16.0\STM32CubeIDE\plugins\com.st.stm32cube.common.mx_6.12.0.202406281431\\db\/plugins/boardmanager/
2025-07-25 12:19:21,209 [INFO] ApiDb:261 - Set plugin images path to: C:\ST\STM32CubeIDE_1.16.0\STM32CubeIDE\plugins\com.st.stm32cube.common.mx_6.12.0.202406281431\\db\/plugins/mcufinder/images/
2025-07-25 12:19:21,209 [WARN] DbFile:41 - Overriding database path with different value: C:\Users\ankit.chaurasiya\.stmcufinder\plugins\mcufinder/ => C:\Users\ankit.chaurasiya\.stmcufinder\plugins\mcufinder
2025-07-25 12:19:21,209 [INFO] ApiDb:250 - Set database path to: C:\Users\ankit.chaurasiya\.stmcufinder\plugins\mcufinder//mcu/
2025-07-25 12:19:21,210 [WARN] DbFile:41 - Overriding database path with different value: C:\Users\ankit.chaurasiya\.stmcufinder\plugins\mcufinder/ => C:\Users\ankit.chaurasiya\.stmcufinder\plugins\mcufinder
2025-07-25 12:19:21,210 [INFO] DbMcusAds:125 - Set database path to: C:\Users\ankit.chaurasiya\.stmcufinder\plugins\mcufinder//mcu/
2025-07-25 12:19:21,210 [WARN] DbFile:41 - Overriding database path with different value: C:\Users\ankit.chaurasiya\.stmcufinder\plugins\mcufinder/ => C:\Users\ankit.chaurasiya\.stmcufinder\plugins\mcufinder
2025-07-25 12:19:21,210 [WARN] DbFile:41 - Overriding database path with different value: C:\Users\ankit.chaurasiya\.stmcufinder\plugins\mcufinder/ => C:\Users\ankit.chaurasiya\.stmcufinder\plugins\mcufinder
2025-07-25 12:19:21,210 [INFO] CrossReferenceDbSqlite:203 - Set database path to: C:\Users\ankit.chaurasiya\.stmcufinder\plugins\mcufinder//mcu/cs/
2025-07-25 12:19:21,254 [INFO] ApplicationProperties:184 - Using Application install path: C:\ST\STM32CubeIDE_1.16.0\STM32CubeIDE\plugins\com.st.stm32cube.common.mx_6.12.0.202406281431
2025-07-25 12:19:21,256 [INFO] PluginManage:196 - Search for loadable plugins [exclusion list=, ]
2025-07-25 12:19:21,283 [INFO] PluginManage:310 - Check plugin analytics
2025-07-25 12:19:21,695 [INFO] AnalyticsPlugin:253 - Accepted Software Licenses: 
2025-07-25 12:19:21,695 [INFO] AnalyticsPlugin:255 - Accepted CMSIS Pack Licenses: 
2025-07-25 12:19:21,695 [INFO] AnalyticsPlugin:257 - Accepted Firmware Licenses: FW.L4.1.18.0,FW.F4.1.28.0,FW.G4.1.5.0,FW.WL.1.3.0
2025-07-25 12:19:21,696 [INFO] PluginManage:359 - Loaded plugin analytics (category:tool,tabindex:-1)
2025-07-25 12:19:21,696 [INFO] PluginManage:310 - Check plugin cadmodel
2025-07-25 12:19:21,859 [INFO] CADModel:105 - Init CAD model plugin
2025-07-25 12:19:21,860 [INFO] PluginManage:359 - Loaded plugin cadmodel (category:power,tabindex:5)
2025-07-25 12:19:21,860 [INFO] PluginManage:310 - Check plugin clock
2025-07-25 12:19:21,932 [INFO] PluginManage:359 - Loaded plugin clock (category:base,tabindex:2)
2025-07-25 12:19:21,933 [INFO] PluginManage:310 - Check plugin ddr
2025-07-25 12:19:21,976 [INFO] PluginManage:359 - Loaded plugin ddr (category:tool,tabindex:6)
2025-07-25 12:19:21,976 [INFO] PluginManage:310 - Check plugin filemanager
2025-07-25 12:19:22,641 [INFO] PluginManage:359 - Loaded plugin filemanager (category:base,tabindex:10)
2025-07-25 12:19:22,641 [INFO] PluginManage:310 - Check plugin ipmanager
2025-07-25 12:19:22,674 [INFO] PluginManage:359 - Loaded plugin ipmanager (category:base,tabindex:5)
2025-07-25 12:19:22,674 [INFO] PluginManage:310 - Check plugin lpbam
2025-07-25 12:19:22,733 [INFO] PluginManage:359 - Loaded plugin lpbam (category:base,tabindex:0)
2025-07-25 12:19:22,733 [INFO] PluginManage:310 - Check plugin memorymap
2025-07-25 12:19:22,849 [INFO] PluginManage:359 - Loaded plugin memorymap (category:base,tabindex:4)
2025-07-25 12:19:22,849 [INFO] PluginManage:310 - Check plugin pinoutandconfiguration
2025-07-25 12:19:22,902 [INFO] PluginManage:359 - Loaded plugin pinoutandconfiguration (category:base,tabindex:1)
2025-07-25 12:19:22,903 [INFO] PluginManage:310 - Check plugin pinoutconfig
2025-07-25 12:19:23,491 [WARN] SupportedApi:132 - Cannot load RTOS API schema: s4s-elt-must-match.1: The content of 'definitions' must match (annotation?, (simpleType | complexType)?, (unique | key | keyref)*)). A problem was found starting at: attribute.
2025-07-25 12:19:23,743 [INFO] PluginManage:359 - Loaded plugin pinoutconfig (category:base,tabindex:0)
2025-07-25 12:19:23,743 [INFO] PluginManage:310 - Check plugin power
2025-07-25 12:19:23,783 [INFO] PluginManage:359 - Loaded plugin power (category:power,tabindex:4)
2025-07-25 12:19:23,783 [INFO] PluginManage:310 - Check plugin projectmanager
2025-07-25 12:19:23,821 [INFO] PluginManage:359 - Loaded plugin projectmanager (category:projectmanager,tabindex:4)
2025-07-25 12:19:23,821 [INFO] PluginManage:310 - Check plugin rif
2025-07-25 12:19:23,858 [INFO] PluginManage:359 - Loaded plugin rif (category:base,tabindex:3)
2025-07-25 12:19:23,859 [INFO] PluginManage:310 - Check plugin thirdparty
2025-07-25 12:19:24,568 [INFO] PluginManage:359 - Loaded plugin thirdparty (category:base,tabindex:-1)
2025-07-25 12:19:24,568 [WARN] IntegrityCheckThread:84 - waiting for thirdparty lock release [integrity check]
2025-07-25 12:19:24,568 [INFO] IntegrityCheckThread:86 - entering critical section [integrity check]
2025-07-25 12:19:24,568 [INFO] PluginManage:310 - Check plugin tools
2025-07-25 12:19:24,569 [INFO] ThirdPartyUpdaterWithRetryManager:70 - Updater plugin not ready yet. [1/15]
2025-07-25 12:19:24,603 [INFO] PluginManage:359 - Loaded plugin tools (category:base,tabindex:7)
2025-07-25 12:19:24,603 [INFO] PluginManage:310 - Check plugin tutovideos
2025-07-25 12:19:24,981 [INFO] PluginManage:359 - Loaded plugin tutovideos (category:base,tabindex:-1)
2025-07-25 12:19:24,981 [INFO] PluginManage:310 - Check plugin updater
2025-07-25 12:19:25,025 [INFO] PluginManage:359 - Loaded plugin updater (category:base,tabindex:12)
2025-07-25 12:19:25,025 [INFO] PluginManage:310 - Check plugin userauth
2025-07-25 12:19:25,053 [INFO] UserAuth:113 - Init User Auth plugin
2025-07-25 12:19:25,053 [INFO] PluginManage:359 - Loaded plugin userauth (category:base,tabindex:14)
2025-07-25 12:19:25,054 [INFO] PluginManage:283 - PluginManage : Loaded plugins [18]
2025-07-25 12:19:25,990 [INFO] PinOutPanel:1561 - setPackage(No Configuration,No Configuration)
2025-07-25 12:19:26,347 [INFO] CADModel:165 - CPN selected for project level
2025-07-25 12:19:26,347 [INFO] CADModel:114 - Register for checkConnection events
2025-07-25 12:19:26,427 [INFO] IPUIPlugin:80 - create IPUIPlugin
2025-07-25 12:19:26,427 [INFO] PluginManager:220 - loadIPPluginJar : add adc
2025-07-25 12:19:26,439 [INFO] IPUIPlugin:80 - create IPUIPlugin
2025-07-25 12:19:26,440 [INFO] PluginManager:220 - loadIPPluginJar : add aes
2025-07-25 12:19:26,475 [INFO] IPUIPlugin:80 - create IPUIPlugin
2025-07-25 12:19:26,475 [INFO] PluginManager:220 - loadIPPluginJar : add can
2025-07-25 12:19:26,488 [INFO] IPUIPlugin:80 - create IPUIPlugin
2025-07-25 12:19:26,488 [INFO] PluginManager:220 - loadIPPluginJar : add comp
2025-07-25 12:19:26,507 [INFO] IPUIPlugin:80 - create IPUIPlugin
2025-07-25 12:19:26,508 [INFO] PluginManager:220 - loadIPPluginJar : add cryp
2025-07-25 12:19:26,539 [INFO] IPUIPlugin:80 - create IPUIPlugin
2025-07-25 12:19:26,539 [INFO] PluginManager:220 - loadIPPluginJar : add ddr_ctrl_phy
2025-07-25 12:19:26,557 [INFO] IPUIPlugin:80 - create IPUIPlugin
2025-07-25 12:19:26,557 [INFO] PluginManager:220 - loadIPPluginJar : add dfsdm
2025-07-25 12:19:26,579 [INFO] IPUIPlugin:80 - create IPUIPlugin
2025-07-25 12:19:26,581 [INFO] PluginManager:220 - loadIPPluginJar : add dma
2025-07-25 12:19:26,598 [INFO] IPUIPlugin:80 - create IPUIPlugin
2025-07-25 12:19:26,598 [INFO] PluginManager:220 - loadIPPluginJar : add dma3
2025-07-25 12:19:26,605 [INFO] IPUIPlugin:80 - create IPUIPlugin
2025-07-25 12:19:26,606 [INFO] PluginManager:220 - loadIPPluginJar : add extmemmanager
2025-07-25 12:19:26,625 [INFO] IPUIPlugin:80 - create IPUIPlugin
2025-07-25 12:19:26,625 [INFO] PluginManager:220 - loadIPPluginJar : add fatfs
2025-07-25 12:19:26,634 [INFO] IPUIPlugin:80 - create IPUIPlugin
2025-07-25 12:19:26,634 [INFO] PluginManager:220 - loadIPPluginJar : add fmc
2025-07-25 12:19:26,673 [INFO] IPUIPlugin:80 - create IPUIPlugin
2025-07-25 12:19:26,673 [INFO] PluginManager:220 - loadIPPluginJar : add freertos
2025-07-25 12:19:26,688 [INFO] IPUIPlugin:80 - create IPUIPlugin
2025-07-25 12:19:26,688 [INFO] PluginManager:220 - loadIPPluginJar : add genericplugin
2025-07-25 12:19:26,693 [INFO] IPUIPlugin:80 - create IPUIPlugin
2025-07-25 12:19:26,693 [INFO] PluginManager:220 - loadIPPluginJar : add gfxmmu
2025-07-25 12:19:26,701 [INFO] IPUIPlugin:80 - create IPUIPlugin
2025-07-25 12:19:26,701 [INFO] PluginManager:220 - loadIPPluginJar : add gic
2025-07-25 12:19:26,726 [INFO] IPUIPlugin:80 - create IPUIPlugin
2025-07-25 12:19:26,726 [INFO] PluginManager:220 - loadIPPluginJar : add gpio
2025-07-25 12:19:26,729 [INFO] IPUIPlugin:80 - create IPUIPlugin
2025-07-25 12:19:26,729 [INFO] PluginManager:220 - loadIPPluginJar : add gtzc
2025-07-25 12:19:26,739 [INFO] IPUIPlugin:80 - create IPUIPlugin
2025-07-25 12:19:26,739 [INFO] PluginManager:220 - loadIPPluginJar : add hash
2025-07-25 12:19:26,742 [INFO] IPUIPlugin:80 - create IPUIPlugin
2025-07-25 12:19:26,742 [INFO] PluginManager:220 - loadIPPluginJar : add i2c
2025-07-25 12:19:26,754 [INFO] IPUIPlugin:80 - create IPUIPlugin
2025-07-25 12:19:26,755 [INFO] PluginManager:220 - loadIPPluginJar : add i2s
2025-07-25 12:19:26,761 [INFO] IPUIPlugin:80 - create IPUIPlugin
2025-07-25 12:19:26,761 [INFO] PluginManager:220 - loadIPPluginJar : add i3c
2025-07-25 12:19:26,776 [INFO] IPUIPlugin:80 - create IPUIPlugin
2025-07-25 12:19:26,777 [INFO] PluginManager:220 - loadIPPluginJar : add ipddr
2025-07-25 12:19:26,799 [INFO] IPUIPlugin:80 - create IPUIPlugin
2025-07-25 12:19:26,799 [INFO] PluginManager:220 - loadIPPluginJar : add linkedlist
2025-07-25 12:19:26,803 [INFO] IPUIPlugin:80 - create IPUIPlugin
2025-07-25 12:19:26,804 [INFO] PluginManager:220 - loadIPPluginJar : add lorawan
2025-07-25 12:19:26,818 [INFO] IPUIPlugin:80 - create IPUIPlugin
2025-07-25 12:19:26,818 [INFO] PluginManager:220 - loadIPPluginJar : add ltdc
2025-07-25 12:19:26,860 [INFO] IPUIPlugin:80 - create IPUIPlugin
2025-07-25 12:19:26,861 [INFO] PluginManager:220 - loadIPPluginJar : add mdma
2025-07-25 12:19:26,937 [INFO] IPUIPlugin:80 - create IPUIPlugin
2025-07-25 12:19:26,937 [INFO] PluginManager:220 - loadIPPluginJar : add nvic
2025-07-25 12:19:26,966 [INFO] IPUIPlugin:80 - create IPUIPlugin
2025-07-25 12:19:26,967 [INFO] PluginManager:220 - loadIPPluginJar : add opamp
2025-07-25 12:19:26,975 [INFO] IPUIPlugin:80 - create IPUIPlugin
2025-07-25 12:19:26,975 [INFO] PluginManager:220 - loadIPPluginJar : add openamp
2025-07-25 12:19:27,028 [INFO] IPUIPlugin:80 - create IPUIPlugin
2025-07-25 12:19:27,028 [INFO] PluginManager:220 - loadIPPluginJar : add pdm2pcm
2025-07-25 12:19:27,043 [INFO] IPUIPlugin:80 - create IPUIPlugin
2025-07-25 12:19:27,048 [INFO] PluginManager:220 - loadIPPluginJar : add plateformsettings
2025-07-25 12:19:27,080 [INFO] IPUIPlugin:80 - create IPUIPlugin
2025-07-25 12:19:27,080 [INFO] PluginManager:220 - loadIPPluginJar : add quadspi
2025-07-25 12:19:27,086 [INFO] IPUIPlugin:80 - create IPUIPlugin
2025-07-25 12:19:27,088 [INFO] PluginManager:220 - loadIPPluginJar : add radio
2025-07-25 12:19:27,121 [INFO] IPUIPlugin:80 - create IPUIPlugin
2025-07-25 12:19:27,122 [INFO] PluginManager:220 - loadIPPluginJar : add resmgrutility
2025-07-25 12:19:27,129 [INFO] IPUIPlugin:80 - create IPUIPlugin
2025-07-25 12:19:27,129 [INFO] PluginManager:220 - loadIPPluginJar : add sai
2025-07-25 12:19:27,169 [INFO] IPUIPlugin:80 - create IPUIPlugin
2025-07-25 12:19:27,169 [INFO] PluginManager:220 - loadIPPluginJar : add spi
2025-07-25 12:19:27,301 [INFO] IPUIPlugin:80 - create IPUIPlugin
2025-07-25 12:19:27,302 [INFO] PluginManager:220 - loadIPPluginJar : add stm32_wpan
2025-07-25 12:19:27,364 [INFO] IPUIPlugin:80 - create IPUIPlugin
2025-07-25 12:19:27,365 [INFO] PluginManager:220 - loadIPPluginJar : add tim
2025-07-25 12:19:27,374 [INFO] IPUIPlugin:80 - create IPUIPlugin
2025-07-25 12:19:27,375 [INFO] PluginManager:220 - loadIPPluginJar : add touchsensing
2025-07-25 12:19:27,380 [INFO] IPUIPlugin:80 - create IPUIPlugin
2025-07-25 12:19:27,380 [INFO] PluginManager:220 - loadIPPluginJar : add tracer_emb
2025-07-25 12:19:27,386 [INFO] IPUIPlugin:80 - create IPUIPlugin
2025-07-25 12:19:27,386 [INFO] PluginManager:220 - loadIPPluginJar : add ts
2025-07-25 12:19:27,406 [INFO] IPUIPlugin:80 - create IPUIPlugin
2025-07-25 12:19:27,406 [INFO] PluginManager:220 - loadIPPluginJar : add tsc
2025-07-25 12:19:27,412 [INFO] IPUIPlugin:80 - create IPUIPlugin
2025-07-25 12:19:27,413 [INFO] PluginManager:220 - loadIPPluginJar : add ucpd
2025-07-25 12:19:27,420 [INFO] IPUIPlugin:80 - create IPUIPlugin
2025-07-25 12:19:27,420 [INFO] PluginManager:220 - loadIPPluginJar : add usart
2025-07-25 12:19:27,435 [INFO] IPUIPlugin:80 - create IPUIPlugin
2025-07-25 12:19:27,435 [INFO] PluginManager:220 - loadIPPluginJar : add usbx
2025-07-25 12:19:27,570 [INFO] ThirdPartyUpdaterWithRetryManager:70 - Updater plugin not ready yet. [2/15]
2025-07-25 12:19:27,841 [INFO] CADModel:165 - CPN selected for project level
2025-07-25 12:19:27,841 [INFO] CADModel:114 - Register for checkConnection events
2025-07-25 12:19:27,842 [FATAL] Updater:334 - Updater called before beeing initialized
2025-07-25 12:19:27,842 [ERROR] CADModel:125 - Updater not yet initialized, retry later 
2025-07-25 12:19:28,287 [INFO] CADModel:165 - CPN selected for project level
2025-07-25 12:19:28,287 [INFO] CADModel:114 - Register for checkConnection events
2025-07-25 12:19:28,287 [FATAL] Updater:334 - Updater called before beeing initialized
2025-07-25 12:19:28,287 [ERROR] CADModel:125 - Updater not yet initialized, retry later 
2025-07-25 12:19:28,298 [FATAL] Updater:334 - Updater called before beeing initialized
2025-07-25 12:19:28,784 [FATAL] Updater:334 - Updater called before beeing initialized
2025-07-25 12:19:28,798 [INFO] DbMcusAds:53 - JSON generation date=Wed May 07 14:37:55 IST 2025 (1746608875484)
2025-07-25 12:19:28,798 [FATAL] Updater:334 - Updater called before beeing initialized
2025-07-25 12:19:28,994 [WARN] DetailPanel:346 - Failed to get advertising image, set to default
2025-07-25 12:19:29,128 [FATAL] Updater:334 - Updater called before beeing initialized
2025-07-25 12:19:29,132 [FATAL] Updater:334 - Updater called before beeing initialized
2025-07-25 12:19:29,132 [FATAL] Updater:334 - Updater called before beeing initialized
2025-07-25 12:19:29,132 [WARN] DetailPanel:346 - Failed to get advertising image, set to default
2025-07-25 12:19:29,133 [FATAL] Updater:334 - Updater called before beeing initialized
2025-07-25 12:19:29,283 [ERROR] Updater:1164 - MainUpdater not yet initialized. External WinMGr cannot be set.
2025-07-25 12:19:29,303 [INFO] Updater:1100 - Updater Version found : 6.12.0
2025-07-25 12:19:29,365 [INFO] ApplicationProperties:184 - Using Application install path: C:\ST\STM32CubeIDE_1.16.0\STM32CubeIDE\plugins\com.st.stm32cube.common.mx_6.12.0.202406281431
2025-07-25 12:19:30,571 [INFO] ThirdPartyUpdaterWithRetryManager:70 - Updater plugin not ready yet. [3/15]
2025-07-25 12:19:30,999 [ERROR] LogOutputStream:75 - [STDERR_REDIRECT] Jul 25, 2025 12:19:30 PM java.util.prefs.WindowsPreferences <init>
2025-07-25 12:19:31,004 [ERROR] LogOutputStream:75 - [STDERR_REDIRECT] WARNING: Could not open/create prefs root node Software\JavaSoft\Prefs at root 0xffffffff80000002. Windows RegCreateKeyEx(...) returned error code 5.
2025-07-25 12:19:31,005 [ERROR] LogOutputStream:75 - [STDERR_REDIRECT] 
2025-07-25 12:19:32,407 [INFO] MainUpdater:2873 - connection check result : 10
2025-07-25 12:19:32,408 [INFO] MainUpdater:3567 - Updater definition file requires update
2025-07-25 12:19:32,410 [INFO] MainUpdater:290 - Updater Check For Update Now.
2025-07-25 12:19:32,410 [INFO] MicroXplorer:498 - Change Database Version : DB.6.0.120
2025-07-25 12:19:32,462 [INFO] McuFinderGlobals:63 - Set McuFinder mode to 2 (CubeIDE integrated)
2025-07-25 12:19:32,462 [INFO] UserAuth:179 - activating auth plugin
2025-07-25 12:19:32,463 [INFO] ServerAccessManage:473 - Download File updaters.zip
2025-07-25 12:19:32,483 [INFO] UserAuth:417 - Internet connection configuration mode: 1
2025-07-25 12:19:32,643 [INFO] JxBrowserEngine:152 - Initiate JxBrowser Engine with user profile folder
2025-07-25 12:19:32,842 [INFO] FileExtend:240 - Unzip File : updaters.zip
2025-07-25 12:19:32,842 [INFO] FileExtend:255 - Standard Zip Deflate
2025-07-25 12:19:33,573 [WARN] MainUpdater:1194 - Updater busy. Cannot search thirdparties
2025-07-25 12:19:33,573 [INFO] ThirdPartyUpdaterWithRetryManager:96 - Updater plugin is busy. [1/15]
2025-07-25 12:19:36,574 [WARN] MainUpdater:1194 - Updater busy. Cannot search thirdparties
2025-07-25 12:19:36,575 [INFO] ThirdPartyUpdaterWithRetryManager:96 - Updater plugin is busy. [2/15]
2025-07-25 12:19:39,576 [WARN] MainUpdater:1194 - Updater busy. Cannot search thirdparties
2025-07-25 12:19:39,577 [INFO] ThirdPartyUpdaterWithRetryManager:96 - Updater plugin is busy. [3/15]
2025-07-25 12:19:42,577 [WARN] MainUpdater:1194 - Updater busy. Cannot search thirdparties
2025-07-25 12:19:42,577 [INFO] ThirdPartyUpdaterWithRetryManager:96 - Updater plugin is busy. [4/15]
2025-07-25 12:19:45,579 [WARN] MainUpdater:1194 - Updater busy. Cannot search thirdparties
2025-07-25 12:19:45,579 [INFO] ThirdPartyUpdaterWithRetryManager:96 - Updater plugin is busy. [5/15]
2025-07-25 12:19:46,175 [INFO] ServerAccessManage:473 - Download File PacksControlFlags.xml
2025-07-25 12:19:46,996 [INFO] ServerAccessManage:473 - Download File cubemx.pidx
2025-07-25 12:19:48,580 [WARN] MainUpdater:1194 - Updater busy. Cannot search thirdparties
2025-07-25 12:19:48,580 [INFO] ThirdPartyUpdaterWithRetryManager:96 - Updater plugin is busy. [6/15]
2025-07-25 12:19:51,024 [INFO] WebApp:167 - Instantiating new browser for Auth
2025-07-25 12:19:51,581 [WARN] MainUpdater:1194 - Updater busy. Cannot search thirdparties
2025-07-25 12:19:51,581 [INFO] ThirdPartyUpdaterWithRetryManager:96 - Updater plugin is busy. [7/15]
2025-07-25 12:19:54,264 [INFO] ServerAccessManage:473 - Download File STMicroelectronics.X-CUBE-BLEMGR.pdsc
2025-07-25 12:19:54,582 [WARN] MainUpdater:1194 - Updater busy. Cannot search thirdparties
2025-07-25 12:19:54,582 [INFO] ThirdPartyUpdaterWithRetryManager:96 - Updater plugin is busy. [8/15]
2025-07-25 12:19:54,954 [ERROR] ServerAccessManage:1089 - Problem, file not found on Server
2025-07-25 12:19:56,942 [INFO] ServerAccessManage:473 - Download File STMicroelectronics.X-CUBE-EEPRMA1.pdsc
2025-07-25 12:19:57,583 [WARN] MainUpdater:1194 - Updater busy. Cannot search thirdparties
2025-07-25 12:19:57,583 [INFO] ThirdPartyUpdaterWithRetryManager:96 - Updater plugin is busy. [9/15]
2025-07-25 12:19:57,632 [ERROR] ServerAccessManage:1089 - Problem, file not found on Server
2025-07-25 12:19:58,197 [ERROR] ServerAccessManage:1089 - Problem, file not found on Server
2025-07-25 12:19:59,447 [INFO] ServerAccessManage:473 - Download File STMicroelectronics.X-CUBE-FREERTOS.pdsc
2025-07-25 12:20:00,407 [INFO] ServerAccessManage:473 - Download File STMicroelectronics.X-CUBE-NFC12.pdsc
2025-07-25 12:20:00,586 [WARN] MainUpdater:1194 - Updater busy. Cannot search thirdparties
2025-07-25 12:20:00,586 [INFO] ThirdPartyUpdaterWithRetryManager:96 - Updater plugin is busy. [10/15]
2025-07-25 12:20:01,004 [INFO] ServerAccessManage:473 - Download File STMicroelectronics.X-CUBE-AZRTOS-H7.pdsc
2025-07-25 12:20:02,184 [INFO] WebApp:448 - Apply proxy settings
2025-07-25 12:20:02,185 [INFO] WebApp:533 - Chromium requires no authentication
2025-07-25 12:20:03,182 [INFO] WebApp:476 - Direct internet connection detected
2025-07-25 12:20:03,588 [WARN] MainUpdater:1194 - Updater busy. Cannot search thirdparties
2025-07-25 12:20:03,588 [INFO] ThirdPartyUpdaterWithRetryManager:96 - Updater plugin is busy. [11/15]
2025-07-25 12:20:04,613 [INFO] WebApp:869 - Register for checkConnection events
2025-07-25 12:20:04,613 [INFO] WebApp:448 - Apply proxy settings
2025-07-25 12:20:04,613 [INFO] WebApp:533 - Chromium requires no authentication
2025-07-25 12:20:04,614 [INFO] WebApp:476 - Direct internet connection detected
2025-07-25 12:20:06,590 [WARN] MainUpdater:1194 - Updater busy. Cannot search thirdparties
2025-07-25 12:20:06,590 [INFO] ThirdPartyUpdaterWithRetryManager:96 - Updater plugin is busy. [12/15]
2025-07-25 12:20:07,752 [INFO] WebApp:186 - Connection restablished
2025-07-25 12:20:09,599 [WARN] MainUpdater:1194 - Updater busy. Cannot search thirdparties
2025-07-25 12:20:09,599 [INFO] ThirdPartyUpdaterWithRetryManager:96 - Updater plugin is busy. [13/15]
2025-07-25 12:20:12,610 [WARN] MainUpdater:1194 - Updater busy. Cannot search thirdparties
2025-07-25 12:20:12,610 [INFO] ThirdPartyUpdaterWithRetryManager:96 - Updater plugin is busy. [14/15]
2025-07-25 12:20:13,047 [WARN] PopulateThirdPartyThread:106 - Error when creating pack: C:/Users/ankit.chaurasiya/.stm32cubemx/thirdparties/pdsc/STMicroelectronics.X-CUBE-BLEMGR.pdsc
2025-07-25 12:20:13,688 [INFO] CheckServerUpdateThread:120 - End of CheckServer Thread
2025-07-25 12:20:15,643 [WARN] PackLoader:240 - Cannot read IP mode file for STMicroelectronics.X-CUBE-EEPRMA1.5.2.0
2025-07-25 12:20:16,002 [WARN] PackLoader:240 - Cannot read IP mode file for STMicroelectronics.X-CUBE-FREERTOS.1.3.1
2025-07-25 12:20:16,377 [WARN] PackLoader:240 - Cannot read IP mode file for STMicroelectronics.X-CUBE-NFC12.1.0.0
2025-07-25 12:20:16,595 [WARN] PackLoader:240 - Cannot read IP mode file for STMicroelectronics.X-CUBE-AZRTOS-H7.3.4.0
2025-07-25 12:20:16,611 [INFO] PopulateThirdPartyThread:66 - Ending populate Thread
2025-07-25 12:20:16,658 [INFO] ThirdParty:1030 - CMSIS Pack Vendor :STMicroelectronics X-CUBE-FREERTOS 1.3.1
2025-07-25 12:20:16,658 [INFO] ThirdParty:1030 - CMSIS Pack Vendor :STMicroelectronics X-CUBE-EEPRMA1 5.2.0
2025-07-25 12:20:16,658 [INFO] ThirdParty:1030 - CMSIS Pack Vendor :STMicroelectronics X-CUBE-AZRTOS-H7 3.4.0
2025-07-25 12:20:16,658 [INFO] ThirdParty:1030 - CMSIS Pack Vendor :STMicroelectronics X-CUBE-NFC12 1.0.0
2025-07-25 12:20:16,658 [INFO] LoadServerUpdatesThread:375 - End of LoadServerUpdate Thread
2025-07-25 12:20:21,298 [INFO] WebApp:220 - Starting web application
2025-07-25 12:20:21,298 [INFO] WebApp:578 - Web application path used C:\ST\STM32CubeIDE_1.16.0\STM32CubeIDE\plugins\com.st.stm32cube.common.mx_6.12.0.202406281431\db\plugins\mcufinder\reactClient1\index.html
2025-07-25 12:20:24,168 [WARN] PackLoader:240 - Cannot read IP mode file for STMicroelectronics.FP-SNS-MOTENVWB1.1.4.0
2025-07-25 12:20:24,213 [WARN] PackLoader:240 - Cannot read IP mode file for STMicroelectronics.FP-ATR-ASTRA1.2.0.2
2025-07-25 12:20:24,393 [WARN] PackLoader:240 - Cannot read IP mode file for STMicroelectronics.FP-ATR-ASTRA1.2.0.1
2025-07-25 12:20:24,717 [WARN] PackLoader:240 - Cannot read IP mode file for STMicroelectronics.X-CUBE-SMBUS.2.1.0
2025-07-25 12:20:24,794 [WARN] PackLoader:240 - Cannot read IP mode file for STMicroelectronics.X-CUBE-WB05N.1.1.0
2025-07-25 12:20:24,876 [ERROR] Engine:466 - C:\Users\ankit.chaurasiya\.stm32cubemx\thirdparties\pdsc\STMicroelectronics.X-CUBE-ST60.1.0.0.pdsc: PDSC version is not supported
2025-07-25 12:20:24,953 [WARN] PackLoader:240 - Cannot read IP mode file for STMicroelectronics.X-CUBE-AZRTOS-F7.1.1.0
2025-07-25 12:20:25,264 [WARN] PackLoader:240 - Cannot read IP mode file for STMicroelectronics.X-CUBE-MEMS1.11.0.0
2025-07-25 12:20:25,452 [WARN] PackLoader:240 - Cannot read IP mode file for STMicroelectronics.FP-SNS-FLIGHT1.5.0.2
2025-07-25 12:20:25,468 [WARN] PackLoader:240 - Cannot read IP mode file for STMicroelectronics.X-CUBE-AZRTOS-H7.3.4.0
2025-07-25 12:20:25,855 [WARN] PackLoader:240 - Cannot read IP mode file for STMicroelectronics.X-CUBE-DISPLAY.3.0.0
2025-07-25 12:20:25,891 [WARN] PackLoader:240 - Cannot read IP mode file for STMicroelectronics.X-CUBE-BLE1.7.0.0
2025-07-25 12:20:26,064 [WARN] PackLoader:240 - Cannot read IP mode file for STMicroelectronics.X-CUBE-NFC10.1.0.0
2025-07-25 12:20:26,108 [WARN] PackLoader:240 - Cannot read IP mode file for STMicroelectronics.X-CUBE-BLEMGR.4.0.0
2025-07-25 12:20:26,138 [WARN] PackLoader:240 - Cannot read IP mode file for emotas.I-CUBE-CANOPEN.1.3.0
2025-07-25 12:20:26,189 [WARN] PackLoader:240 - Cannot read IP mode file for STMicroelectronics.X-CUBE-BLEMGR.3.1.0
2025-07-25 12:20:26,239 [WARN] PackLoader:240 - Cannot read IP mode file for STMicroelectronics.X-CUBE-AI.10.0.0
2025-07-25 12:20:26,348 [WARN] PackLoader:240 - Cannot read IP mode file for STMicroelectronics.FP-SNS-SMARTAG2.1.2.0
2025-07-25 12:20:26,371 [ERROR] Engine:466 - C:\Users\ankit.chaurasiya\.stm32cubemx\thirdparties\pdsc\STMicroelectronics.FP-SNS-FLIGHT1.5.1.0.pdsc: PDSC version is not supported
2025-07-25 12:20:26,460 [WARN] PackLoader:240 - Cannot read IP mode file for STMicroelectronics.X-CUBE-MEMS1.11.1.0
2025-07-25 12:20:26,706 [INFO] LogOutputStream:77 - [STDOUT_REDIRECT] 1 : Invalid condition id : UX_CORESTACK_Condition cause : null
2025-07-25 12:20:26,722 [INFO] LogOutputStream:77 - [STDOUT_REDIRECT] 1 : Invalid condition id : UX_CORESTACK_Condition cause : null
2025-07-25 12:20:26,722 [INFO] LogOutputStream:77 - [STDOUT_REDIRECT] 1 : Invalid condition id : UX_CORESTACK_Condition cause : null
2025-07-25 12:20:26,722 [INFO] LogOutputStream:77 - [STDOUT_REDIRECT] 1 : Invalid condition id : UX_CORESTACK_Condition cause : null
2025-07-25 12:20:26,722 [INFO] LogOutputStream:77 - [STDOUT_REDIRECT] 1 : Invalid condition id : UX_CORESTACK_Condition cause : null
2025-07-25 12:20:26,722 [WARN] PackLoader:240 - Cannot read IP mode file for STMicroelectronics.X-CUBE-AZRTOS-WL.2.0.0
2025-07-25 12:20:26,753 [WARN] PackLoader:240 - Cannot read IP mode file for STMicroelectronics.FP-SNS-MOTENV1.5.0.0
2025-07-25 12:20:26,785 [WARN] PackLoader:240 - Cannot read IP mode file for wolfSSL.I-CUBE-wolfMQTT.1.19.0
2025-07-25 12:20:26,816 [WARN] PackLoader:240 - Cannot read IP mode file for WES.I-CUBE-Cesium.1.3.0
2025-07-25 12:20:26,854 [WARN] PackLoader:240 - Cannot read IP mode file for STMicroelectronics.X-CUBE-BLE2.3.3.0
2025-07-25 12:20:26,906 [WARN] PackLoader:240 - Cannot read IP mode file for STMicroelectronics.X-CUBE-NFC9.1.0.0
2025-07-25 12:20:26,956 [WARN] PackLoader:240 - Cannot read IP mode file for STMicroelectronics.X-CUBE-BLE1.7.1.0
2025-07-25 12:20:27,002 [WARN] PackLoader:240 - Cannot read IP mode file for STMicroelectronics.X-CUBE-TCPP.4.1.0
2025-07-25 12:20:27,011 [WARN] PackLoader:240 - Cannot read IP mode file for STMicroelectronics.X-CUBE-EEPRMA1.5.2.0
2025-07-25 12:20:27,030 [WARN] PackLoader:240 - Cannot read IP mode file for STMicroelectronics.X-CUBE-AI.10.1.0
2025-07-25 12:20:27,089 [WARN] PackLoader:240 - Cannot read IP mode file for STMicroelectronics.X-CUBE-MEMS1.11.2.0
2025-07-25 12:20:27,208 [WARN] PackLoader:240 - Cannot read IP mode file for STMicroelectronics.X-CUBE-AZRTOS-G0.1.1.0
2025-07-25 12:20:27,364 [WARN] PackLoader:240 - Cannot read IP mode file for STMicroelectronics.X-CUBE-SAFEA1.1.2.2
2025-07-25 12:20:27,424 [WARN] PackLoader:240 - Cannot read IP mode file for STMicroelectronics.X-CUBE-NFC4.3.0.0
2025-07-25 12:20:27,441 [WARN] PackLoader:240 - Cannot read IP mode file for EmbeddedOffice.I-CUBE-FS-RTOS.1.0.1
2025-07-25 12:20:27,441 [ERROR] ConditionMgr:805 - Attr not supported : Dmpu
2025-07-25 12:20:27,441 [ERROR] ConditionMgr:805 - Attr not supported : Dmpu
2025-07-25 12:20:27,441 [ERROR] ConditionMgr:805 - Attr not supported : Dmpu
2025-07-25 12:20:27,441 [ERROR] ConditionMgr:805 - Attr not supported : Dmpu
2025-07-25 12:20:27,441 [ERROR] ConditionMgr:805 - Attr not supported : Dmpu
2025-07-25 12:20:27,441 [ERROR] ConditionMgr:805 - Attr not supported : Dmpu
2025-07-25 12:20:27,441 [ERROR] ConditionMgr:805 - Attr not supported : Dmpu
2025-07-25 12:20:27,441 [ERROR] ConditionMgr:805 - Attr not supported : Dmpu
2025-07-25 12:20:27,441 [ERROR] ConditionMgr:805 - Attr not supported : Dmpu
2025-07-25 12:20:27,441 [ERROR] ConditionMgr:805 - Attr not supported : Dmpu
2025-07-25 12:20:27,441 [ERROR] ConditionMgr:805 - Attr not supported : Dmpu
2025-07-25 12:20:27,441 [ERROR] ConditionMgr:805 - Attr not supported : Dmpu
2025-07-25 12:20:27,441 [ERROR] ConditionMgr:805 - Attr not supported : Dmpu
2025-07-25 12:20:27,441 [ERROR] ConditionMgr:805 - Attr not supported : Dmpu
2025-07-25 12:20:27,441 [ERROR] ConditionMgr:805 - Attr not supported : Dmpu
2025-07-25 12:20:27,441 [ERROR] ConditionMgr:805 - Attr not supported : Dmpu
2025-07-25 12:20:27,441 [ERROR] ConditionMgr:805 - Attr not supported : Dmpu
2025-07-25 12:20:27,441 [ERROR] ConditionMgr:805 - Attr not supported : Dmpu
2025-07-25 12:20:27,441 [ERROR] ConditionMgr:805 - Attr not supported : Dmpu
2025-07-25 12:20:27,441 [ERROR] ConditionMgr:805 - Attr not supported : Dmpu
2025-07-25 12:20:27,441 [ERROR] ConditionMgr:805 - Attr not supported : Dmpu
2025-07-25 12:20:27,457 [ERROR] ConditionMgr:805 - Attr not supported : Dmpu
2025-07-25 12:20:27,457 [ERROR] ConditionMgr:805 - Attr not supported : Dmpu
2025-07-25 12:20:27,457 [ERROR] ConditionMgr:805 - Attr not supported : Dmpu
2025-07-25 12:20:27,457 [ERROR] ConditionMgr:805 - Attr not supported : Dmpu
2025-07-25 12:20:27,457 [ERROR] ConditionMgr:805 - Attr not supported : Dmpu
2025-07-25 12:20:27,457 [ERROR] ConditionMgr:805 - Attr not supported : Dmpu
2025-07-25 12:20:27,457 [ERROR] ConditionMgr:805 - Attr not supported : Dmpu
2025-07-25 12:20:27,457 [ERROR] ConditionMgr:805 - Attr not supported : Dmpu
2025-07-25 12:20:27,457 [ERROR] ConditionMgr:805 - Attr not supported : Dmpu
2025-07-25 12:20:27,457 [ERROR] ConditionMgr:805 - Attr not supported : Dmpu
2025-07-25 12:20:27,457 [ERROR] ConditionMgr:805 - Attr not supported : Dmpu
2025-07-25 12:20:27,457 [ERROR] ConditionMgr:805 - Attr not supported : Dmpu
2025-07-25 12:20:27,457 [ERROR] ConditionMgr:805 - Attr not supported : Dmpu
2025-07-25 12:20:27,457 [ERROR] ConditionMgr:805 - Attr not supported : Dmpu
2025-07-25 12:20:27,457 [ERROR] ConditionMgr:805 - Attr not supported : Dmpu
2025-07-25 12:20:27,457 [ERROR] ConditionMgr:805 - Attr not supported : Dmpu
2025-07-25 12:20:27,457 [ERROR] ConditionMgr:805 - Attr not supported : Dmpu
2025-07-25 12:20:27,457 [ERROR] ConditionMgr:805 - Attr not supported : Dmpu
2025-07-25 12:20:27,457 [ERROR] ConditionMgr:805 - Attr not supported : Dmpu
2025-07-25 12:20:27,457 [ERROR] ConditionMgr:805 - Attr not supported : Dmpu
2025-07-25 12:20:27,457 [ERROR] ConditionMgr:805 - Attr not supported : Dmpu
2025-07-25 12:20:27,457 [ERROR] ConditionMgr:805 - Attr not supported : Dmpu
2025-07-25 12:20:27,457 [ERROR] ConditionMgr:805 - Attr not supported : Dmpu
2025-07-25 12:20:27,457 [ERROR] ConditionMgr:805 - Attr not supported : Dmpu
2025-07-25 12:20:27,457 [ERROR] ConditionMgr:805 - Attr not supported : Dmpu
2025-07-25 12:20:27,457 [ERROR] ConditionMgr:805 - Attr not supported : Dmpu
2025-07-25 12:20:27,457 [ERROR] ConditionMgr:805 - Attr not supported : Dmpu
2025-07-25 12:20:27,457 [ERROR] ConditionMgr:805 - Attr not supported : Dmpu
2025-07-25 12:20:27,457 [ERROR] ConditionMgr:805 - Attr not supported : Dmpu
2025-07-25 12:20:27,457 [ERROR] ConditionMgr:805 - Attr not supported : Dmpu
2025-07-25 12:20:27,457 [ERROR] ConditionMgr:805 - Attr not supported : Dmpu
2025-07-25 12:20:27,457 [ERROR] ConditionMgr:805 - Attr not supported : Dmpu
2025-07-25 12:20:27,457 [ERROR] ConditionMgr:805 - Attr not supported : Dmpu
2025-07-25 12:20:27,457 [ERROR] ConditionMgr:805 - Attr not supported : Dmpu
2025-07-25 12:20:27,457 [ERROR] ConditionMgr:805 - Attr not supported : Dmpu
2025-07-25 12:20:27,457 [ERROR] ConditionMgr:805 - Attr not supported : Dmpu
2025-07-25 12:20:27,457 [ERROR] ConditionMgr:805 - Attr not supported : Dmpu
2025-07-25 12:20:27,457 [ERROR] ConditionMgr:805 - Attr not supported : Dmpu
2025-07-25 12:20:27,457 [ERROR] ConditionMgr:805 - Attr not supported : Dmpu
2025-07-25 12:20:27,457 [ERROR] ConditionMgr:805 - Attr not supported : Dmpu
2025-07-25 12:20:27,457 [ERROR] ConditionMgr:805 - Attr not supported : Dmpu
2025-07-25 12:20:27,457 [ERROR] ConditionMgr:805 - Attr not supported : Dmpu
2025-07-25 12:20:27,457 [ERROR] ConditionMgr:805 - Attr not supported : Dmpu
2025-07-25 12:20:27,488 [WARN] PackLoader:240 - Cannot read IP mode file for STMicroelectronics.X-CUBE-WB05N.2.0.0
2025-07-25 12:20:27,535 [ERROR] Engine:466 - C:\Users\ankit.chaurasiya\.stm32cubemx\thirdparties\pdsc\STMicroelectronics.X-CUBE-TCPP.4.2.0.pdsc: PDSC version is not supported
2025-07-25 12:20:27,566 [WARN] PackLoader:240 - Cannot read IP mode file for RealThread.X-CUBE-RT-Thread_Nano.4.1.1
2025-07-25 12:20:27,619 [WARN] PackLoader:240 - Cannot read IP mode file for STMicroelectronics.FP-ATR-SIGFOX1.3.2.0
2025-07-25 12:20:27,676 [WARN] PackLoader:240 - Cannot read IP mode file for wolfSSL.I-CUBE-wolfSSL.5.7.2
2025-07-25 12:20:27,722 [WARN] ConditionMgr:438 - getConditionDescription Invalid condition id : Cortex-A Device cause : null
2025-07-25 12:20:27,741 [WARN] ConditionMgr:1039 - genDependencies : Invalid condition id : Cortex-A Device cause : null
2025-07-25 12:20:27,741 [WARN] ConditionMgr:1039 - genDependencies : Invalid condition id : Cortex-A Device cause : null
2025-07-25 12:20:27,741 [WARN] ConditionMgr:1039 - genDependencies : Invalid condition id : Cortex-A Device cause : null
2025-07-25 12:20:27,803 [WARN] PackLoader:240 - Cannot read IP mode file for STMicroelectronics.X-CUBE-EEPRMA1.5.1.0
2025-07-25 12:20:27,835 [WARN] PackLoader:240 - Cannot read IP mode file for ITTIA_DB.I-CUBE-ITTIADB.8.9.0
2025-07-25 12:20:27,858 [ERROR] Engine:466 - C:\Users\ankit.chaurasiya\.stm32cubemx\thirdparties\pdsc\STMicroelectronics.X-CUBE-ST67W61.1.0.0.pdsc: PDSC version is not supported
2025-07-25 12:20:27,906 [WARN] PackLoader:240 - Cannot read IP mode file for SEGGER.I-CUBE-embOS.1.3.1
2025-07-25 12:20:27,953 [WARN] PackLoader:240 - Cannot read IP mode file for STMicroelectronics.X-CUBE-ALGOBUILD.1.4.0
2025-07-25 12:20:28,293 [WARN] PackLoader:240 - Cannot read IP mode file for STMicroelectronics.X-CUBE-MEMS1.11.3.0
2025-07-25 12:20:28,630 [WARN] PackLoader:240 - Cannot read IP mode file for STMicroelectronics.X-CUBE-AI.9.1.0
2025-07-25 12:20:28,822 [WARN] PackLoader:240 - Cannot read IP mode file for STMicroelectronics.X-CUBE-PM33A1.1.0.0
2025-07-25 12:20:29,123 [WARN] PackLoader:240 - Cannot read IP mode file for STMicroelectronics.X-CUBE-GNSS1.6.0.0
2025-07-25 12:20:29,247 [WARN] PackLoader:240 - Cannot read IP mode file for STMicroelectronics.X-CUBE-AZRTOS-F4.1.1.0
2025-07-25 12:20:29,305 [ERROR] Engine:466 - C:\Users\ankit.chaurasiya\.stm32cubemx\thirdparties\pdsc\Avnet-IotConnect.X-CUBE-IoTC-DA16k-PMOD.1.0.0.pdsc: PDSC version is not supported
2025-07-25 12:20:29,321 [WARN] PackLoader:240 - Cannot read IP mode file for STMicroelectronics.X-CUBE-ISPU.2.1.0
2025-07-25 12:20:29,420 [WARN] PackLoader:240 - Cannot read IP mode file for STMicroelectronics.X-CUBE-FREERTOS.1.2.0
2025-07-25 12:20:29,436 [WARN] PackLoader:240 - Cannot read IP mode file for STMicroelectronics.X-CUBE-NFC12.1.0.0
2025-07-25 12:20:29,855 [WARN] PackLoader:240 - Cannot read IP mode file for STMicroelectronics.X-CUBE-AZRTOS-L5.2.0.0
2025-07-25 12:20:30,292 [WARN] PackLoader:240 - Cannot read IP mode file for STMicroelectronics.X-CUBE-NFC6.3.1.0
2025-07-25 12:20:30,439 [WARN] PackLoader:240 - Cannot read IP mode file for STMicroelectronics.X-CUBE-DPower.1.2.0
2025-07-25 12:20:30,470 [WARN] PackLoader:240 - Cannot read IP mode file for STMicroelectronics.X-CUBE-AI.9.0.0
2025-07-25 12:20:30,486 [WARN] PackLoader:240 - Cannot read IP mode file for STMicroelectronics.X-CUBE-FREERTOS.1.3.1
2025-07-25 12:20:30,629 [WARN] PackLoader:240 - Cannot read IP mode file for STMicroelectronics.X-CUBE-FREERTOS.1.3.0
2025-07-25 12:20:30,969 [WARN] PackLoader:240 - Cannot read IP mode file for STMicroelectronics.X-CUBE-NFC7.1.0.1
2025-07-25 12:20:31,000 [ERROR] Engine:466 - C:\Users\ankit.chaurasiya\.stm32cubemx\thirdparties\pdsc\STMicroelectronics.FP-SNS-STAIOTCFT.1.0.0.pdsc: PDSC version is not supported
2025-07-25 12:20:31,424 [WARN] PackLoader:240 - Cannot read IP mode file for STMicroelectronics.X-CUBE-DPower.1.3.0
2025-07-25 12:20:31,850 [WARN] ConditionMgr:438 - getConditionDescription Invalid condition id : LAN8742 Phy interface Condition cause : null
2025-07-25 12:20:31,865 [WARN] PackLoader:240 - Cannot read IP mode file for STMicroelectronics.X-CUBE-AZRTOS-L4.2.0.0
2025-07-25 12:20:31,865 [WARN] ConditionMgr:1039 - genDependencies : Invalid condition id : LAN8742 Phy interface Condition cause : null
2025-07-25 12:20:31,865 [WARN] ConditionMgr:1039 - genDependencies : Invalid condition id : LAN8742 Phy interface Condition cause : null
2025-07-25 12:20:31,865 [WARN] ConditionMgr:1039 - genDependencies : Invalid condition id : LAN8742 Phy interface Condition cause : null
2025-07-25 12:20:32,485 [WARN] PackLoader:240 - Cannot read IP mode file for STMicroelectronics.X-CUBE-SFXS2LP1.4.0.0
2025-07-25 12:20:33,022 [WARN] PackLoader:240 - Cannot read IP mode file for STMicroelectronics.X-CUBE-AZRTOS-H7.3.3.0
2025-07-25 12:20:33,029 [ERROR] Engine:466 - C:\Users\ankit.chaurasiya\.stm32cubemx\thirdparties\pdsc\STMicroelectronics.X-CUBE-BLEMGR.4.1.0.pdsc: PDSC version is not supported
2025-07-25 12:20:33,256 [WARN] PackLoader:240 - Cannot read IP mode file for STMicroelectronics.X-CUBE-IPS.3.0.0
2025-07-25 12:20:33,384 [WARN] ConditionMgr:438 - getConditionDescription Invalid condition id : UX DEVICE CLASS RTOS Condition cause : null
2025-07-25 12:20:33,385 [WARN] ConditionMgr:438 - getConditionDescription Invalid condition id : UX DEVICE CLASS RTOS Condition cause : null
2025-07-25 12:20:33,386 [WARN] PackLoader:240 - Cannot read IP mode file for STMicroelectronics.X-CUBE-AZRTOS-WB.2.0.0
2025-07-25 12:20:33,387 [WARN] ConditionMgr:1039 - genDependencies : Invalid condition id : UX DEVICE CLASS RTOS Condition cause : null
2025-07-25 12:20:33,387 [WARN] ConditionMgr:1039 - genDependencies : Invalid condition id : UX DEVICE CLASS RTOS Condition cause : null
2025-07-25 12:20:33,387 [WARN] ConditionMgr:1039 - genDependencies : Invalid condition id : UX DEVICE CLASS RTOS Condition cause : null
2025-07-25 12:20:33,387 [WARN] ConditionMgr:1039 - genDependencies : Invalid condition id : UX DEVICE CLASS RTOS Condition cause : null
2025-07-25 12:20:33,387 [WARN] ConditionMgr:1039 - genDependencies : Invalid condition id : UX DEVICE CLASS RTOS Condition cause : null
2025-07-25 12:20:33,409 [WARN] PackLoader:240 - Cannot read IP mode file for STMicroelectronics.X-CUBE-GNSS1.7.0.0
2025-07-25 12:20:33,456 [WARN] PackLoader:240 - Cannot read IP mode file for STMicroelectronics.X-CUBE-GNSS1.7.0.1
2025-07-25 12:20:33,540 [WARN] PackLoader:240 - Cannot read IP mode file for STMicroelectronics.X-CUBE-TOUCHGFX.4.25.0
2025-07-25 12:20:33,611 [WARN] PackLoader:240 - Cannot read IP mode file for STMicroelectronics.FP-SNS-STBOX1.2.0.0
2025-07-25 12:20:33,674 [WARN] PackLoader:240 - Cannot read IP mode file for STMicroelectronics.X-CUBE-SUBG2.5.0.0
2025-07-25 12:20:33,857 [WARN] PackLoader:240 - Cannot read IP mode file for STMicroelectronics.X-CUBE-AZRTOS-H7RS.1.1.0
2025-07-25 12:20:33,908 [WARN] PackLoader:240 - Cannot read IP mode file for Cesanta.I-CUBE-Mongoose.7.13.0
2025-07-25 12:20:34,090 [WARN] PackLoader:240 - Cannot read IP mode file for STMicroelectronics.X-CUBE-AZRTOS-G4.2.0.0
2025-07-25 12:20:34,125 [WARN] PackLoader:240 - Cannot read IP mode file for STMicroelectronics.X-CUBE-NFC7.2.0.0
2025-07-25 12:20:34,157 [WARN] PackLoader:240 - Cannot read IP mode file for STMicroelectronics.X-CUBE-ISPU.2.0.0
2025-07-25 12:20:34,190 [ERROR] Engine:466 - C:\Users\ankit.chaurasiya\.stm32cubemx\thirdparties\pdsc\STMicroelectronics.X-CUBE-IPS.3.1.0.pdsc: PDSC version is not supported
2025-07-25 12:20:34,240 [WARN] PackLoader:240 - Cannot read IP mode file for STMicroelectronics.X-CUBE-ALS.1.0.2
2025-07-25 12:20:34,261 [WARN] PackLoader:240 - Cannot read IP mode file for STMicroelectronics.X-CUBE-TOUCHGFX.4.24.0
2025-07-25 12:20:34,292 [WARN] PackLoader:240 - Cannot read IP mode file for STMicroelectronics.X-CUBE-TOUCHGFX.4.24.2
2025-07-25 12:20:34,321 [WARN] PackLoader:240 - Cannot read IP mode file for STMicroelectronics.X-CUBE-TOUCHGFX.4.24.1
2025-07-25 12:20:34,359 [WARN] PackLoader:240 - Cannot read IP mode file for wolfSSL.I-CUBE-wolfTPM.3.4.0
2025-07-25 12:20:34,391 [WARN] PackLoader:240 - Cannot read IP mode file for portGmbH.I-Cube-SoM-uGOAL.1.1.0
2025-07-25 12:20:34,456 [WARN] PackLoader:240 - Cannot read IP mode file for STMicroelectronics.X-CUBE-AZRTOS-H7RS.1.0.0
2025-07-25 12:20:34,541 [WARN] PackLoader:240 - Cannot read IP mode file for STMicroelectronics.FP-ATR-ASTRA1.2.0.0
2025-07-25 12:20:34,674 [WARN] PackLoader:240 - Cannot read IP mode file for STMicroelectronics.X-CUBE-TOF1.3.4.2
2025-07-25 12:20:34,883 [ERROR] Engine:466 - C:\Users\ankit.chaurasiya\.stm32cubemx\thirdparties\pdsc\STMicroelectronics.X-CUBE-TOF1.3.4.3.pdsc: PDSC version is not supported
2025-07-25 12:20:34,946 [WARN] PackLoader:240 - Cannot read IP mode file for Infineon.AIROC-Wi-Fi-Bluetooth-STM32.1.6.1
2025-07-25 12:20:35,074 [WARN] PackLoader:240 - Cannot read IP mode file for wolfSSL.I-CUBE-wolfSSH.1.4.17
2025-07-25 12:20:35,158 [INFO] ThirdParty:978 - Integrity check success = true
2025-07-25 12:20:35,158 [INFO] IntegrityCheckThread:100 - exiting critical section [integrity check]
2025-07-25 12:20:35,158 [INFO] IntegrityCheckThread:103 - End integrity checks thread
2025-07-25 13:20:46,432 [ERROR] LogOutputStream:75 - [STDERR_REDIRECT] 
